2019-04-10 18:14:48,097 INFO o.a.j.u.JMeterUtils: Setting Locale to en_US
2019-04-10 18:14:48,234 INFO o.a.j.JMeter: Loading user properties from: /home/oscar/apache-jmeter-5.0/bin/user.properties
2019-04-10 18:14:48,245 INFO o.a.j.JMeter: Loading system properties from: /home/oscar/apache-jmeter-5.0/bin/system.properties
2019-04-10 18:14:48,306 INFO o.a.j.JMeter: Copyright (c) 1998-2018 The Apache Software Foundation
2019-04-10 18:14:48,307 INFO o.a.j.JMeter: Version 5.0 r1840935
2019-04-10 18:14:48,307 INFO o.a.j.JMeter: java.version=1.8.0_201
2019-04-10 18:14:48,307 INFO o.a.j.JMeter: java.vm.name=Java HotSpot(TM) 64-Bit Server VM
2019-04-10 18:14:48,307 INFO o.a.j.JMeter: os.name=Linux
2019-04-10 18:14:48,307 INFO o.a.j.JMeter: os.arch=amd64
2019-04-10 18:14:48,307 INFO o.a.j.JMeter: os.version=4.4.0-142-generic
2019-04-10 18:14:48,307 INFO o.a.j.JMeter: file.encoding=UTF-8
2019-04-10 18:14:48,307 INFO o.a.j.JMeter: Max memory     =1312817152
2019-04-10 18:14:48,308 INFO o.a.j.JMeter: Available Processors =4
2019-04-10 18:14:48,386 INFO o.a.j.JMeter: Default Locale=English (United States)
2019-04-10 18:14:48,386 INFO o.a.j.JMeter: JMeter  Locale=English (United States)
2019-04-10 18:14:48,386 INFO o.a.j.JMeter: JMeterHome=/home/oscar/apache-jmeter-5.0
2019-04-10 18:14:48,387 INFO o.a.j.JMeter: user.dir  =/home/oscar/SI2/P3/P3
2019-04-10 18:14:48,387 INFO o.a.j.JMeter: PWD       =/home/oscar/SI2/P3/P3
2019-04-10 18:14:48,388 INFO o.a.j.JMeter: IP: 127.0.1.1 Name: oscar FullName: oscar
2019-04-10 18:14:52,747 INFO o.a.j.g.a.LookAndFeelCommand: Installing Darcula LAF
2019-04-10 18:14:53,325 INFO o.a.j.g.a.LookAndFeelCommand: Using look and feel: com.bulenkov.darcula.DarculaLaf [Darcula]
2019-04-10 18:14:53,325 INFO o.a.j.JMeter: Setting LAF to: com.bulenkov.darcula.DarculaLaf
2019-04-10 18:14:54,121 INFO o.a.j.JMeter: Loaded icon properties from org/apache/jmeter/images/icon.properties
2019-04-10 18:14:56,177 INFO o.a.j.e.u.CompoundVariable: Note: Function class names must contain the string: '.functions.'
2019-04-10 18:14:56,177 INFO o.a.j.e.u.CompoundVariable: Note: Function class names must not contain the string: '.gui.'
2019-04-10 18:15:07,410 INFO o.a.j.p.h.s.HTTPSamplerBase: Parser for text/html is org.apache.jmeter.protocol.http.parser.LagartoBasedHtmlParser
2019-04-10 18:15:07,411 INFO o.a.j.p.h.s.HTTPSamplerBase: Parser for application/xhtml+xml is org.apache.jmeter.protocol.http.parser.LagartoBasedHtmlParser
2019-04-10 18:15:07,411 INFO o.a.j.p.h.s.HTTPSamplerBase: Parser for application/xml is org.apache.jmeter.protocol.http.parser.LagartoBasedHtmlParser
2019-04-10 18:15:07,412 INFO o.a.j.p.h.s.HTTPSamplerBase: Parser for text/xml is org.apache.jmeter.protocol.http.parser.LagartoBasedHtmlParser
2019-04-10 18:15:07,412 INFO o.a.j.p.h.s.HTTPSamplerBase: Parser for text/vnd.wap.wml is org.apache.jmeter.protocol.http.parser.RegexpHTMLParser
2019-04-10 18:15:07,412 INFO o.a.j.p.h.s.HTTPSamplerBase: Parser for text/css is org.apache.jmeter.protocol.http.parser.CssParser
2019-04-10 18:15:08,756 INFO o.a.j.e.KeyToolUtils: keytool found at 'keytool'
2019-04-10 18:15:08,757 INFO o.a.j.p.h.p.ProxyControl: HTTP(S) Test Script Recorder SSL Proxy will use keys that support embedded 3rd party resources in file /home/oscar/apache-jmeter-5.0/bin/proxyserver.jks
2019-04-10 18:15:09,076 INFO o.a.j.s.FileServer: Default base='/home/oscar/SI2/P3/P3'
2019-04-10 18:15:10,401 INFO o.a.j.s.SampleResult: Note: Sample TimeStamps are START times
2019-04-10 18:15:10,402 INFO o.a.j.s.SampleResult: sampleresult.default.encoding is set to ISO-8859-1
2019-04-10 18:15:10,402 INFO o.a.j.s.SampleResult: sampleresult.useNanoTime=true
2019-04-10 18:15:10,402 INFO o.a.j.s.SampleResult: sampleresult.nanoThreadSleep=5000
2019-04-10 18:16:16,822 INFO o.a.j.g.a.Load: Loading file: /home/oscar/SI2/P3/P3/P2.jmx
2019-04-10 18:16:16,823 INFO o.a.j.s.FileServer: Set new base='/home/oscar/SI2/P3/P3'
2019-04-10 18:16:17,070 INFO o.a.j.s.SaveService: Testplan (JMX) version: 2.2. Testlog (JTL) version: 2.2
2019-04-10 18:16:17,082 INFO o.a.j.s.SaveService: Using SaveService properties file encoding UTF-8
2019-04-10 18:16:17,086 INFO o.a.j.s.SaveService: Using SaveService properties version 5.0
2019-04-10 18:16:17,095 INFO o.a.j.s.SaveService: Loading file: /home/oscar/SI2/P3/P3/P2.jmx
2019-04-10 18:16:17,476 INFO o.a.j.s.FileServer: Set new base='/home/oscar/SI2/P3/P3'
2019-04-10 18:16:28,158 WARN o.a.j.u.JMeterUtils: ERROR! Resource string not found: [label]
2019-04-10 18:16:28,164 WARN o.a.j.u.JMeterUtils: ERROR! Resource string not found: [label]
2019-04-10 18:16:28,166 WARN o.a.j.u.JMeterUtils: ERROR! Resource string not found: [label]
2019-04-10 18:16:28,167 WARN o.a.j.u.JMeterUtils: ERROR! Resource string not found: [label]
2019-04-10 18:16:28,172 WARN o.a.j.u.JMeterUtils: ERROR! Resource string not found: [label]
2019-04-10 18:16:28,176 WARN o.a.j.u.JMeterUtils: ERROR! Resource string not found: [label]
2019-04-10 18:16:28,177 WARN o.a.j.u.JMeterUtils: ERROR! Resource string not found: [#_samples]
2019-04-10 18:16:28,178 WARN o.a.j.u.JMeterUtils: ERROR! Resource string not found: [median]
2019-04-10 18:16:28,178 WARN o.a.j.u.JMeterUtils: ERROR! Resource string not found: [90%_line]
2019-04-10 18:16:28,179 WARN o.a.j.u.JMeterUtils: ERROR! Resource string not found: [95%_line]
2019-04-10 18:16:28,179 WARN o.a.j.u.JMeterUtils: ERROR! Resource string not found: [99%_line]
2019-04-10 18:16:28,180 WARN o.a.j.u.JMeterUtils: ERROR! Resource string not found: [min]
2019-04-10 18:16:28,180 WARN o.a.j.u.JMeterUtils: ERROR! Resource string not found: [error_%]
2019-04-10 18:16:28,181 WARN o.a.j.u.JMeterUtils: ERROR! Resource string not found: [throughput]
2019-04-10 18:16:28,181 WARN o.a.j.u.JMeterUtils: ERROR! Resource string not found: [received_kb/sec]
2019-04-10 18:16:28,182 WARN o.a.j.u.JMeterUtils: ERROR! Resource string not found: [sent_kb/sec]
2019-04-10 18:16:28,214 WARN o.a.j.u.JMeterUtils: ERROR! Resource string not found: [label]
2019-04-10 18:16:28,215 WARN o.a.j.u.JMeterUtils: ERROR! Resource string not found: [#_samples]
2019-04-10 18:16:28,215 WARN o.a.j.u.JMeterUtils: ERROR! Resource string not found: [median]
2019-04-10 18:16:28,216 WARN o.a.j.u.JMeterUtils: ERROR! Resource string not found: [90%_line]
2019-04-10 18:16:28,216 WARN o.a.j.u.JMeterUtils: ERROR! Resource string not found: [95%_line]
2019-04-10 18:16:28,216 WARN o.a.j.u.JMeterUtils: ERROR! Resource string not found: [99%_line]
2019-04-10 18:16:28,217 WARN o.a.j.u.JMeterUtils: ERROR! Resource string not found: [min]
2019-04-10 18:16:28,219 WARN o.a.j.u.JMeterUtils: ERROR! Resource string not found: [error_%]
2019-04-10 18:16:28,219 WARN o.a.j.u.JMeterUtils: ERROR! Resource string not found: [throughput]
2019-04-10 18:16:28,220 WARN o.a.j.u.JMeterUtils: ERROR! Resource string not found: [received_kb/sec]
2019-04-10 18:16:28,220 WARN o.a.j.u.JMeterUtils: ERROR! Resource string not found: [sent_kb/sec]
2019-04-10 18:16:28,260 WARN o.a.j.u.JMeterUtils: ERROR! Resource string not found: [label]
2019-04-10 18:16:28,260 WARN o.a.j.u.JMeterUtils: ERROR! Resource string not found: [label]
2019-04-10 18:16:30,881 INFO o.a.j.e.StandardJMeterEngine: Running the test!
2019-04-10 18:16:30,883 INFO o.a.j.s.SampleEvent: List of sample_variables: []
2019-04-10 18:16:30,884 INFO o.a.j.s.SampleEvent: List of sample_variables: []
2019-04-10 18:16:30,897 INFO o.a.j.g.u.JMeterMenuBar: setRunning(true, *local*)
2019-04-10 18:16:31,286 INFO o.a.j.e.StandardJMeterEngine: Starting ThreadGroup: 1 : P1-base
2019-04-10 18:16:31,286 INFO o.a.j.e.StandardJMeterEngine: Starting 1 threads for group P1-base.
2019-04-10 18:16:31,287 INFO o.a.j.e.StandardJMeterEngine: Thread will continue on error
2019-04-10 18:16:31,287 INFO o.a.j.t.ThreadGroup: Starting thread group... number=1 threads=1 ramp-up=5 perThread=5000.0 delayedStart=false
2019-04-10 18:16:31,297 INFO o.a.j.t.ThreadGroup: Started thread group number 1
2019-04-10 18:16:31,297 INFO o.a.j.e.StandardJMeterEngine: All thread groups have been started
2019-04-10 18:16:31,322 INFO o.a.j.t.JMeterThread: Thread started: P1-base 1-1
2019-04-10 18:16:31,328 INFO o.a.j.s.FileServer: Stored: datagen/listado.csv
2019-04-10 18:16:31,345 INFO o.a.j.p.h.s.HTTPJavaImpl: Maximum connection retries = 0
2019-04-10 18:16:58,802 INFO o.a.j.t.JMeterThread: Thread is done: P1-base 1-1
2019-04-10 18:16:58,802 INFO o.a.j.t.JMeterThread: Thread finished: P1-base 1-1
2019-04-10 18:16:58,803 INFO o.a.j.e.StandardJMeterEngine: Notifying test listeners of end of test
2019-04-10 18:16:58,803 INFO o.a.j.s.FileServer: Close: datagen/listado.csv
2019-04-10 18:16:58,804 INFO o.a.j.g.u.JMeterMenuBar: setRunning(false, *local*)
2019-04-10 18:17:02,662 WARN o.a.j.u.JMeterUtils: ERROR! Resource string not found: [label]
2019-04-10 18:17:02,662 WARN o.a.j.u.JMeterUtils: ERROR! Resource string not found: [#_samples]
2019-04-10 18:17:13,144 INFO o.a.j.e.StandardJMeterEngine: Running the test!
2019-04-10 18:17:13,146 INFO o.a.j.s.SampleEvent: List of sample_variables: []
2019-04-10 18:17:13,149 INFO o.a.j.g.u.JMeterMenuBar: setRunning(true, *local*)
2019-04-10 18:17:13,540 INFO o.a.j.e.StandardJMeterEngine: Starting ThreadGroup: 1 : P1-base
2019-04-10 18:17:13,541 INFO o.a.j.e.StandardJMeterEngine: Starting 1 threads for group P1-base.
2019-04-10 18:17:13,541 INFO o.a.j.e.StandardJMeterEngine: Thread will continue on error
2019-04-10 18:17:13,541 INFO o.a.j.t.ThreadGroup: Starting thread group... number=1 threads=1 ramp-up=5 perThread=5000.0 delayedStart=false
2019-04-10 18:17:13,544 INFO o.a.j.t.ThreadGroup: Started thread group number 1
2019-04-10 18:17:13,544 INFO o.a.j.e.StandardJMeterEngine: All thread groups have been started
2019-04-10 18:17:13,546 INFO o.a.j.t.JMeterThread: Thread started: P1-base 1-1
2019-04-10 18:17:13,548 INFO o.a.j.s.FileServer: Stored: datagen/listado.csv
2019-04-10 18:17:30,926 INFO o.a.j.t.JMeterThread: Thread is done: P1-base 1-1
2019-04-10 18:17:30,926 INFO o.a.j.t.JMeterThread: Thread finished: P1-base 1-1
2019-04-10 18:17:30,927 INFO o.a.j.e.StandardJMeterEngine: Notifying test listeners of end of test
2019-04-10 18:17:30,927 INFO o.a.j.s.FileServer: Close: datagen/listado.csv
2019-04-10 18:17:30,928 INFO o.a.j.g.u.JMeterMenuBar: setRunning(false, *local*)
2019-04-10 18:17:51,675 WARN o.a.j.u.JMeterUtils: ERROR! Resource string not found: [label]
2019-04-10 18:17:51,676 WARN o.a.j.u.JMeterUtils: ERROR! Resource string not found: [#_samples]
2019-04-10 18:17:54,937 INFO o.a.j.e.StandardJMeterEngine: Running the test!
2019-04-10 18:17:54,940 INFO o.a.j.s.SampleEvent: List of sample_variables: []
2019-04-10 18:17:54,942 INFO o.a.j.g.u.JMeterMenuBar: setRunning(true, *local*)
2019-04-10 18:17:55,116 INFO o.a.j.e.StandardJMeterEngine: Starting ThreadGroup: 1 : P1-base
2019-04-10 18:17:55,116 INFO o.a.j.e.StandardJMeterEngine: Starting 1 threads for group P1-base.
2019-04-10 18:17:55,117 INFO o.a.j.e.StandardJMeterEngine: Thread will continue on error
2019-04-10 18:17:55,117 INFO o.a.j.t.ThreadGroup: Starting thread group... number=1 threads=1 ramp-up=5 perThread=5000.0 delayedStart=false
2019-04-10 18:17:55,119 INFO o.a.j.t.ThreadGroup: Started thread group number 1
2019-04-10 18:17:55,119 INFO o.a.j.e.StandardJMeterEngine: All thread groups have been started
2019-04-10 18:17:55,119 INFO o.a.j.t.JMeterThread: Thread started: P1-base 1-1
2019-04-10 18:17:55,120 INFO o.a.j.s.FileServer: Stored: datagen/listado.csv
2019-04-10 18:18:12,398 INFO o.a.j.t.JMeterThread: Thread is done: P1-base 1-1
2019-04-10 18:18:12,398 INFO o.a.j.t.JMeterThread: Thread finished: P1-base 1-1
2019-04-10 18:18:12,398 INFO o.a.j.e.StandardJMeterEngine: Notifying test listeners of end of test
2019-04-10 18:18:12,398 INFO o.a.j.s.FileServer: Close: datagen/listado.csv
2019-04-10 18:18:12,399 INFO o.a.j.g.u.JMeterMenuBar: setRunning(false, *local*)
2019-04-10 18:18:32,720 WARN o.a.j.u.JMeterUtils: ERROR! Resource string not found: [label]
2019-04-10 18:18:32,721 WARN o.a.j.u.JMeterUtils: ERROR! Resource string not found: [#_samples]
2019-04-10 18:18:33,783 INFO o.a.j.e.StandardJMeterEngine: Running the test!
2019-04-10 18:18:33,784 INFO o.a.j.s.SampleEvent: List of sample_variables: []
2019-04-10 18:18:33,787 INFO o.a.j.g.u.JMeterMenuBar: setRunning(true, *local*)
2019-04-10 18:18:33,986 INFO o.a.j.e.StandardJMeterEngine: Starting ThreadGroup: 1 : P1-base
2019-04-10 18:18:33,987 INFO o.a.j.e.StandardJMeterEngine: Starting 1 threads for group P1-base.
2019-04-10 18:18:33,987 INFO o.a.j.e.StandardJMeterEngine: Thread will continue on error
2019-04-10 18:18:33,987 INFO o.a.j.t.ThreadGroup: Starting thread group... number=1 threads=1 ramp-up=5 perThread=5000.0 delayedStart=false
2019-04-10 18:18:33,988 INFO o.a.j.t.ThreadGroup: Started thread group number 1
2019-04-10 18:18:33,988 INFO o.a.j.e.StandardJMeterEngine: All thread groups have been started
2019-04-10 18:18:33,990 INFO o.a.j.t.JMeterThread: Thread started: P1-base 1-1
2019-04-10 18:18:33,991 INFO o.a.j.s.FileServer: Stored: datagen/listado.csv
2019-04-10 18:18:49,032 INFO o.a.j.t.JMeterThread: Thread is done: P1-base 1-1
2019-04-10 18:18:49,032 INFO o.a.j.t.JMeterThread: Thread finished: P1-base 1-1
2019-04-10 18:18:49,033 INFO o.a.j.e.StandardJMeterEngine: Notifying test listeners of end of test
2019-04-10 18:18:49,033 INFO o.a.j.s.FileServer: Close: datagen/listado.csv
2019-04-10 18:18:49,034 INFO o.a.j.g.u.JMeterMenuBar: setRunning(false, *local*)
