2019-03-22 16:31:21,327 INFO o.a.j.u.JMeterUtils: Setting Locale to en_US
2019-03-22 16:31:21,352 INFO o.a.j.JMeter: Loading user properties from: /home/oscar/apache-jmeter-5.0/bin/user.properties
2019-03-22 16:31:21,354 INFO o.a.j.JMeter: Loading system properties from: /home/oscar/apache-jmeter-5.0/bin/system.properties
2019-03-22 16:31:21,364 INFO o.a.j.JMeter: Copyright (c) 1998-2018 The Apache Software Foundation
2019-03-22 16:31:21,364 INFO o.a.j.JMeter: Version 5.0 r1840935
2019-03-22 16:31:21,364 INFO o.a.j.JMeter: java.version=1.8.0_201
2019-03-22 16:31:21,364 INFO o.a.j.JMeter: java.vm.name=Java HotSpot(TM) 64-Bit Server VM
2019-03-22 16:31:21,365 INFO o.a.j.JMeter: os.name=Linux
2019-03-22 16:31:21,365 INFO o.a.j.JMeter: os.arch=amd64
2019-03-22 16:31:21,365 INFO o.a.j.JMeter: os.version=4.4.0-142-generic
2019-03-22 16:31:21,365 INFO o.a.j.JMeter: file.encoding=UTF-8
2019-03-22 16:31:21,365 INFO o.a.j.JMeter: Max memory     =1312817152
2019-03-22 16:31:21,366 INFO o.a.j.JMeter: Available Processors =4
2019-03-22 16:31:21,373 INFO o.a.j.JMeter: Default Locale=English (United States)
2019-03-22 16:31:21,374 INFO o.a.j.JMeter: JMeter  Locale=English (United States)
2019-03-22 16:31:21,374 INFO o.a.j.JMeter: JMeterHome=/home/oscar/apache-jmeter-5.0
2019-03-22 16:31:21,374 INFO o.a.j.JMeter: user.dir  =/home/oscar/SI2/P2
2019-03-22 16:31:21,374 INFO o.a.j.JMeter: PWD       =/home/oscar/SI2/P2
2019-03-22 16:31:21,375 INFO o.a.j.JMeter: IP: 127.0.1.1 Name: oscar FullName: oscar
2019-03-22 16:31:21,846 INFO o.a.j.g.a.LookAndFeelCommand: Installing Darcula LAF
2019-03-22 16:31:21,949 INFO o.a.j.g.a.LookAndFeelCommand: Using look and feel: com.bulenkov.darcula.DarculaLaf [Darcula]
2019-03-22 16:31:21,949 INFO o.a.j.JMeter: Setting LAF to: com.bulenkov.darcula.DarculaLaf
2019-03-22 16:31:22,072 INFO o.a.j.JMeter: Loaded icon properties from org/apache/jmeter/images/icon.properties
2019-03-22 16:31:22,937 INFO o.a.j.e.u.CompoundVariable: Note: Function class names must contain the string: '.functions.'
2019-03-22 16:31:22,937 INFO o.a.j.e.u.CompoundVariable: Note: Function class names must not contain the string: '.gui.'
2019-03-22 16:31:26,169 INFO o.a.j.p.h.s.HTTPSamplerBase: Parser for text/html is org.apache.jmeter.protocol.http.parser.LagartoBasedHtmlParser
2019-03-22 16:31:26,170 INFO o.a.j.p.h.s.HTTPSamplerBase: Parser for application/xhtml+xml is org.apache.jmeter.protocol.http.parser.LagartoBasedHtmlParser
2019-03-22 16:31:26,171 INFO o.a.j.p.h.s.HTTPSamplerBase: Parser for application/xml is org.apache.jmeter.protocol.http.parser.LagartoBasedHtmlParser
2019-03-22 16:31:26,171 INFO o.a.j.p.h.s.HTTPSamplerBase: Parser for text/xml is org.apache.jmeter.protocol.http.parser.LagartoBasedHtmlParser
2019-03-22 16:31:26,171 INFO o.a.j.p.h.s.HTTPSamplerBase: Parser for text/vnd.wap.wml is org.apache.jmeter.protocol.http.parser.RegexpHTMLParser
2019-03-22 16:31:26,172 INFO o.a.j.p.h.s.HTTPSamplerBase: Parser for text/css is org.apache.jmeter.protocol.http.parser.CssParser
2019-03-22 16:31:26,827 INFO o.a.j.e.KeyToolUtils: keytool found at 'keytool'
2019-03-22 16:31:26,829 INFO o.a.j.p.h.p.ProxyControl: HTTP(S) Test Script Recorder SSL Proxy will use keys that support embedded 3rd party resources in file /home/oscar/apache-jmeter-5.0/bin/proxyserver.jks
2019-03-22 16:31:27,132 INFO o.a.j.s.FileServer: Default base='/home/oscar/SI2/P2'
2019-03-22 16:31:27,819 INFO o.a.j.s.SampleResult: Note: Sample TimeStamps are START times
2019-03-22 16:31:27,820 INFO o.a.j.s.SampleResult: sampleresult.default.encoding is set to ISO-8859-1
2019-03-22 16:31:27,820 INFO o.a.j.s.SampleResult: sampleresult.useNanoTime=true
2019-03-22 16:31:27,820 INFO o.a.j.s.SampleResult: sampleresult.nanoThreadSleep=5000
2019-03-22 16:31:33,484 INFO o.a.j.g.a.Load: Loading file: /home/oscar/SI2/P2/P2.jmx
2019-03-22 16:31:33,484 INFO o.a.j.s.FileServer: Set new base='/home/oscar/SI2/P2'
2019-03-22 16:31:33,678 INFO o.a.j.s.SaveService: Testplan (JMX) version: 2.2. Testlog (JTL) version: 2.2
2019-03-22 16:31:33,690 INFO o.a.j.s.SaveService: Using SaveService properties file encoding UTF-8
2019-03-22 16:31:33,693 INFO o.a.j.s.SaveService: Using SaveService properties version 5.0
2019-03-22 16:31:33,699 INFO o.a.j.s.SaveService: Loading file: /home/oscar/SI2/P2/P2.jmx
2019-03-22 16:31:34,048 INFO o.a.j.s.FileServer: Set new base='/home/oscar/SI2/P2'
2019-03-22 16:31:38,063 WARN o.a.j.u.JMeterUtils: ERROR! Resource string not found: [label]
2019-03-22 16:31:38,069 WARN o.a.j.u.JMeterUtils: ERROR! Resource string not found: [label]
2019-03-22 16:31:38,070 WARN o.a.j.u.JMeterUtils: ERROR! Resource string not found: [label]
2019-03-22 16:31:38,071 WARN o.a.j.u.JMeterUtils: ERROR! Resource string not found: [label]
2019-03-22 16:31:38,075 WARN o.a.j.u.JMeterUtils: ERROR! Resource string not found: [label]
2019-03-22 16:31:38,082 WARN o.a.j.u.JMeterUtils: ERROR! Resource string not found: [label]
2019-03-22 16:31:38,083 WARN o.a.j.u.JMeterUtils: ERROR! Resource string not found: [#_samples]
2019-03-22 16:31:38,084 WARN o.a.j.u.JMeterUtils: ERROR! Resource string not found: [median]
2019-03-22 16:31:38,084 WARN o.a.j.u.JMeterUtils: ERROR! Resource string not found: [90%_line]
2019-03-22 16:31:38,086 WARN o.a.j.u.JMeterUtils: ERROR! Resource string not found: [95%_line]
2019-03-22 16:31:38,086 WARN o.a.j.u.JMeterUtils: ERROR! Resource string not found: [99%_line]
2019-03-22 16:31:38,087 WARN o.a.j.u.JMeterUtils: ERROR! Resource string not found: [min]
2019-03-22 16:31:38,087 WARN o.a.j.u.JMeterUtils: ERROR! Resource string not found: [error_%]
2019-03-22 16:31:38,088 WARN o.a.j.u.JMeterUtils: ERROR! Resource string not found: [throughput]
2019-03-22 16:31:38,089 WARN o.a.j.u.JMeterUtils: ERROR! Resource string not found: [received_kb/sec]
2019-03-22 16:31:38,090 WARN o.a.j.u.JMeterUtils: ERROR! Resource string not found: [sent_kb/sec]
2019-03-22 16:31:38,126 WARN o.a.j.u.JMeterUtils: ERROR! Resource string not found: [label]
2019-03-22 16:31:38,127 WARN o.a.j.u.JMeterUtils: ERROR! Resource string not found: [label]
2019-03-22 16:31:40,532 INFO o.a.j.e.StandardJMeterEngine: Running the test!
2019-03-22 16:31:40,534 INFO o.a.j.s.SampleEvent: List of sample_variables: []
2019-03-22 16:31:40,534 INFO o.a.j.s.SampleEvent: List of sample_variables: []
2019-03-22 16:31:40,551 INFO o.a.j.g.u.JMeterMenuBar: setRunning(true, *local*)
2019-03-22 16:31:40,813 INFO o.a.j.e.StandardJMeterEngine: Starting ThreadGroup: 1 : P1-base
2019-03-22 16:31:40,814 INFO o.a.j.e.StandardJMeterEngine: Starting 1 threads for group P1-base.
2019-03-22 16:31:40,814 INFO o.a.j.e.StandardJMeterEngine: Thread will continue on error
2019-03-22 16:31:40,815 INFO o.a.j.t.ThreadGroup: Starting thread group... number=1 threads=1 ramp-up=5 perThread=5000.0 delayedStart=false
2019-03-22 16:31:40,823 INFO o.a.j.t.ThreadGroup: Started thread group number 1
2019-03-22 16:31:40,823 INFO o.a.j.e.StandardJMeterEngine: Waiting for thread group: P1-base to finish before starting next group
2019-03-22 16:31:40,850 INFO o.a.j.t.JMeterThread: Thread started: P1-base 1-1
2019-03-22 16:31:40,858 INFO o.a.j.s.FileServer: Stored: datagen/listado.csv
2019-03-22 16:31:40,872 INFO o.a.j.p.h.s.HTTPJavaImpl: Maximum connection retries = 0
2019-03-22 16:31:49,498 WARN o.a.j.u.JMeterUtils: ERROR! Resource string not found: [label]
2019-03-22 16:31:49,505 WARN o.a.j.u.JMeterUtils: ERROR! Resource string not found: [label]
2019-03-22 16:31:49,506 WARN o.a.j.u.JMeterUtils: ERROR! Resource string not found: [label]
2019-03-22 16:31:49,516 WARN o.a.j.u.JMeterUtils: ERROR! Resource string not found: [label]
2019-03-22 16:31:49,516 WARN o.a.j.u.JMeterUtils: ERROR! Resource string not found: [#_samples]
2019-03-22 16:31:49,517 WARN o.a.j.u.JMeterUtils: ERROR! Resource string not found: [median]
2019-03-22 16:31:49,517 WARN o.a.j.u.JMeterUtils: ERROR! Resource string not found: [90%_line]
2019-03-22 16:31:49,518 WARN o.a.j.u.JMeterUtils: ERROR! Resource string not found: [95%_line]
2019-03-22 16:31:49,518 WARN o.a.j.u.JMeterUtils: ERROR! Resource string not found: [99%_line]
2019-03-22 16:31:49,524 WARN o.a.j.u.JMeterUtils: ERROR! Resource string not found: [min]
2019-03-22 16:31:49,527 WARN o.a.j.u.JMeterUtils: ERROR! Resource string not found: [error_%]
2019-03-22 16:31:49,528 WARN o.a.j.u.JMeterUtils: ERROR! Resource string not found: [throughput]
2019-03-22 16:31:49,528 WARN o.a.j.u.JMeterUtils: ERROR! Resource string not found: [received_kb/sec]
2019-03-22 16:31:49,528 WARN o.a.j.u.JMeterUtils: ERROR! Resource string not found: [sent_kb/sec]
2019-03-22 16:31:49,585 WARN o.a.j.u.JMeterUtils: ERROR! Resource string not found: [label]
2019-03-22 16:31:49,585 WARN o.a.j.u.JMeterUtils: ERROR! Resource string not found: [#_samples]
2019-03-22 16:31:49,586 WARN o.a.j.u.JMeterUtils: ERROR! Resource string not found: [median]
2019-03-22 16:31:49,586 WARN o.a.j.u.JMeterUtils: ERROR! Resource string not found: [90%_line]
2019-03-22 16:31:49,587 WARN o.a.j.u.JMeterUtils: ERROR! Resource string not found: [95%_line]
2019-03-22 16:31:49,587 WARN o.a.j.u.JMeterUtils: ERROR! Resource string not found: [99%_line]
2019-03-22 16:31:49,587 WARN o.a.j.u.JMeterUtils: ERROR! Resource string not found: [min]
2019-03-22 16:31:49,588 WARN o.a.j.u.JMeterUtils: ERROR! Resource string not found: [error_%]
2019-03-22 16:31:49,588 WARN o.a.j.u.JMeterUtils: ERROR! Resource string not found: [throughput]
2019-03-22 16:31:49,588 WARN o.a.j.u.JMeterUtils: ERROR! Resource string not found: [received_kb/sec]
2019-03-22 16:31:49,588 WARN o.a.j.u.JMeterUtils: ERROR! Resource string not found: [sent_kb/sec]
2019-03-22 16:32:06,702 INFO o.a.j.t.JMeterThread: Thread is done: P1-base 1-1
2019-03-22 16:32:06,703 INFO o.a.j.t.JMeterThread: Thread finished: P1-base 1-1
2019-03-22 16:32:06,703 INFO o.a.j.e.StandardJMeterEngine: Starting ThreadGroup: 2 : P1-ws
2019-03-22 16:32:06,704 INFO o.a.j.e.StandardJMeterEngine: Starting 1 threads for group P1-ws.
2019-03-22 16:32:06,704 INFO o.a.j.e.StandardJMeterEngine: Thread will continue on error
2019-03-22 16:32:06,704 INFO o.a.j.t.ThreadGroup: Starting thread group... number=2 threads=1 ramp-up=5 perThread=5000.0 delayedStart=false
2019-03-22 16:32:06,705 INFO o.a.j.t.ThreadGroup: Started thread group number 2
2019-03-22 16:32:06,705 INFO o.a.j.e.StandardJMeterEngine: Waiting for thread group: P1-ws to finish before starting next group
2019-03-22 16:32:06,706 INFO o.a.j.t.JMeterThread: Thread started: P1-ws 2-1
2019-03-22 16:34:14,390 INFO o.a.j.t.JMeterThread: Thread is done: P1-ws 2-1
2019-03-22 16:34:14,390 INFO o.a.j.t.JMeterThread: Thread finished: P1-ws 2-1
2019-03-22 16:34:14,391 INFO o.a.j.e.StandardJMeterEngine: Starting ThreadGroup: 3 : P1-ejb
2019-03-22 16:34:14,391 INFO o.a.j.e.StandardJMeterEngine: Starting 1 threads for group P1-ejb.
2019-03-22 16:34:14,391 INFO o.a.j.e.StandardJMeterEngine: Thread will continue on error
2019-03-22 16:34:14,392 INFO o.a.j.t.ThreadGroup: Starting thread group... number=3 threads=1 ramp-up=5 perThread=5000.0 delayedStart=false
2019-03-22 16:34:14,393 INFO o.a.j.t.ThreadGroup: Started thread group number 3
2019-03-22 16:34:14,393 INFO o.a.j.e.StandardJMeterEngine: All thread groups have been started
2019-03-22 16:34:14,394 INFO o.a.j.t.JMeterThread: Thread started: P1-ejb 3-1
2019-03-22 16:34:59,967 INFO o.a.j.t.JMeterThread: Thread is done: P1-ejb 3-1
2019-03-22 16:34:59,967 INFO o.a.j.t.JMeterThread: Thread finished: P1-ejb 3-1
2019-03-22 16:34:59,967 INFO o.a.j.e.StandardJMeterEngine: Notifying test listeners of end of test
2019-03-22 16:34:59,968 INFO o.a.j.s.FileServer: Close: datagen/listado.csv
2019-03-22 16:34:59,968 INFO o.a.j.g.u.JMeterMenuBar: setRunning(false, *local*)
2019-03-22 16:40:46,588 INFO o.a.j.g.a.Load: Loading file: /home/oscar/SI2/P2/P2 (copy).jmx
2019-03-22 16:40:46,589 INFO o.a.j.s.FileServer: Set new base='/home/oscar/SI2/P2'
2019-03-22 16:40:46,589 INFO o.a.j.s.SaveService: Loading file: /home/oscar/SI2/P2/P2 (copy).jmx
2019-03-22 16:40:46,723 INFO o.a.j.s.FileServer: Set new base='/home/oscar/SI2/P2'
2019-03-22 16:40:46,730 WARN o.a.j.u.JMeterUtils: ERROR! Resource string not found: [label]
2019-03-22 16:40:46,731 WARN o.a.j.u.JMeterUtils: ERROR! Resource string not found: [#_samples]
2019-03-22 16:40:46,731 WARN o.a.j.u.JMeterUtils: ERROR! Resource string not found: [median]
2019-03-22 16:40:46,732 WARN o.a.j.u.JMeterUtils: ERROR! Resource string not found: [90%_line]
2019-03-22 16:40:46,732 WARN o.a.j.u.JMeterUtils: ERROR! Resource string not found: [95%_line]
2019-03-22 16:40:46,732 WARN o.a.j.u.JMeterUtils: ERROR! Resource string not found: [99%_line]
2019-03-22 16:40:46,732 WARN o.a.j.u.JMeterUtils: ERROR! Resource string not found: [min]
2019-03-22 16:40:46,733 WARN o.a.j.u.JMeterUtils: ERROR! Resource string not found: [error_%]
2019-03-22 16:40:46,733 WARN o.a.j.u.JMeterUtils: ERROR! Resource string not found: [throughput]
2019-03-22 16:40:46,733 WARN o.a.j.u.JMeterUtils: ERROR! Resource string not found: [received_kb/sec]
2019-03-22 16:40:46,733 WARN o.a.j.u.JMeterUtils: ERROR! Resource string not found: [sent_kb/sec]
2019-03-22 16:45:46,551 INFO o.a.j.e.StandardJMeterEngine: Running the test!
2019-03-22 16:45:46,552 INFO o.a.j.s.SampleEvent: List of sample_variables: []
2019-03-22 16:45:46,559 INFO o.a.j.g.u.JMeterMenuBar: setRunning(true, *local*)
2019-03-22 16:45:46,926 INFO o.a.j.e.StandardJMeterEngine: Starting ThreadGroup: 1 : P1-ejb
2019-03-22 16:45:46,926 INFO o.a.j.e.StandardJMeterEngine: Starting 1 threads for group P1-ejb.
2019-03-22 16:45:46,926 INFO o.a.j.e.StandardJMeterEngine: Thread will continue on error
2019-03-22 16:45:46,927 INFO o.a.j.t.ThreadGroup: Starting thread group... number=1 threads=1 ramp-up=5 perThread=5000.0 delayedStart=false
2019-03-22 16:45:46,927 INFO o.a.j.t.ThreadGroup: Started thread group number 1
2019-03-22 16:45:46,928 INFO o.a.j.e.StandardJMeterEngine: All thread groups have been started
2019-03-22 16:45:46,928 INFO o.a.j.t.JMeterThread: Thread started: P1-ejb 1-1
2019-03-22 16:45:46,929 INFO o.a.j.s.FileServer: Stored: datagen/listado.csv
2019-03-22 16:45:48,883 WARN o.a.j.u.JMeterUtils: ERROR! Resource string not found: [label]
2019-03-22 16:45:48,887 WARN o.a.j.u.JMeterUtils: ERROR! Resource string not found: [label]
2019-03-22 16:45:48,888 WARN o.a.j.u.JMeterUtils: ERROR! Resource string not found: [label]
2019-03-22 16:45:48,889 WARN o.a.j.u.JMeterUtils: ERROR! Resource string not found: [label]
2019-03-22 16:45:48,893 WARN o.a.j.u.JMeterUtils: ERROR! Resource string not found: [label]
2019-03-22 16:45:48,895 WARN o.a.j.u.JMeterUtils: ERROR! Resource string not found: [label]
2019-03-22 16:45:48,896 WARN o.a.j.u.JMeterUtils: ERROR! Resource string not found: [#_samples]
2019-03-22 16:45:48,896 WARN o.a.j.u.JMeterUtils: ERROR! Resource string not found: [median]
2019-03-22 16:45:48,896 WARN o.a.j.u.JMeterUtils: ERROR! Resource string not found: [90%_line]
2019-03-22 16:45:48,896 WARN o.a.j.u.JMeterUtils: ERROR! Resource string not found: [95%_line]
2019-03-22 16:45:48,897 WARN o.a.j.u.JMeterUtils: ERROR! Resource string not found: [99%_line]
2019-03-22 16:45:48,897 WARN o.a.j.u.JMeterUtils: ERROR! Resource string not found: [min]
2019-03-22 16:45:48,897 WARN o.a.j.u.JMeterUtils: ERROR! Resource string not found: [error_%]
2019-03-22 16:45:48,897 WARN o.a.j.u.JMeterUtils: ERROR! Resource string not found: [throughput]
2019-03-22 16:45:48,898 WARN o.a.j.u.JMeterUtils: ERROR! Resource string not found: [received_kb/sec]
2019-03-22 16:45:48,898 WARN o.a.j.u.JMeterUtils: ERROR! Resource string not found: [sent_kb/sec]
2019-03-22 16:45:48,904 WARN o.a.j.u.JMeterUtils: ERROR! Resource string not found: [label]
2019-03-22 16:45:48,904 WARN o.a.j.u.JMeterUtils: ERROR! Resource string not found: [label]
2019-03-22 16:45:48,907 WARN o.a.j.u.JMeterUtils: ERROR! Resource string not found: [label]
2019-03-22 16:45:48,908 WARN o.a.j.u.JMeterUtils: ERROR! Resource string not found: [#_samples]
2019-03-22 16:45:48,908 WARN o.a.j.u.JMeterUtils: ERROR! Resource string not found: [median]
2019-03-22 16:45:48,908 WARN o.a.j.u.JMeterUtils: ERROR! Resource string not found: [90%_line]
2019-03-22 16:45:48,908 WARN o.a.j.u.JMeterUtils: ERROR! Resource string not found: [95%_line]
2019-03-22 16:45:48,909 WARN o.a.j.u.JMeterUtils: ERROR! Resource string not found: [99%_line]
2019-03-22 16:45:48,909 WARN o.a.j.u.JMeterUtils: ERROR! Resource string not found: [min]
2019-03-22 16:45:48,909 WARN o.a.j.u.JMeterUtils: ERROR! Resource string not found: [error_%]
2019-03-22 16:45:48,909 WARN o.a.j.u.JMeterUtils: ERROR! Resource string not found: [throughput]
2019-03-22 16:45:48,910 WARN o.a.j.u.JMeterUtils: ERROR! Resource string not found: [received_kb/sec]
2019-03-22 16:45:48,910 WARN o.a.j.u.JMeterUtils: ERROR! Resource string not found: [sent_kb/sec]
2019-03-22 16:45:53,746 WARN o.a.j.u.JMeterUtils: ERROR! Resource string not found: [label]
2019-03-22 16:45:53,751 WARN o.a.j.u.JMeterUtils: ERROR! Resource string not found: [label]
2019-03-22 16:45:53,753 WARN o.a.j.u.JMeterUtils: ERROR! Resource string not found: [label]
2019-03-22 16:45:53,755 WARN o.a.j.u.JMeterUtils: ERROR! Resource string not found: [label]
2019-03-22 16:45:53,756 WARN o.a.j.u.JMeterUtils: ERROR! Resource string not found: [#_samples]
2019-03-22 16:45:53,756 WARN o.a.j.u.JMeterUtils: ERROR! Resource string not found: [median]
2019-03-22 16:45:53,757 WARN o.a.j.u.JMeterUtils: ERROR! Resource string not found: [90%_line]
2019-03-22 16:45:53,757 WARN o.a.j.u.JMeterUtils: ERROR! Resource string not found: [95%_line]
2019-03-22 16:45:53,757 WARN o.a.j.u.JMeterUtils: ERROR! Resource string not found: [99%_line]
2019-03-22 16:45:53,757 WARN o.a.j.u.JMeterUtils: ERROR! Resource string not found: [min]
2019-03-22 16:45:53,757 WARN o.a.j.u.JMeterUtils: ERROR! Resource string not found: [error_%]
2019-03-22 16:45:53,758 WARN o.a.j.u.JMeterUtils: ERROR! Resource string not found: [throughput]
2019-03-22 16:45:53,758 WARN o.a.j.u.JMeterUtils: ERROR! Resource string not found: [received_kb/sec]
2019-03-22 16:45:53,758 WARN o.a.j.u.JMeterUtils: ERROR! Resource string not found: [sent_kb/sec]
2019-03-22 16:45:53,781 WARN o.a.j.u.JMeterUtils: ERROR! Resource string not found: [label]
2019-03-22 16:45:53,781 WARN o.a.j.u.JMeterUtils: ERROR! Resource string not found: [#_samples]
2019-03-22 16:45:53,782 WARN o.a.j.u.JMeterUtils: ERROR! Resource string not found: [median]
2019-03-22 16:45:53,782 WARN o.a.j.u.JMeterUtils: ERROR! Resource string not found: [90%_line]
2019-03-22 16:45:53,782 WARN o.a.j.u.JMeterUtils: ERROR! Resource string not found: [95%_line]
2019-03-22 16:45:53,782 WARN o.a.j.u.JMeterUtils: ERROR! Resource string not found: [99%_line]
2019-03-22 16:45:53,783 WARN o.a.j.u.JMeterUtils: ERROR! Resource string not found: [min]
2019-03-22 16:45:53,783 WARN o.a.j.u.JMeterUtils: ERROR! Resource string not found: [error_%]
2019-03-22 16:45:53,783 WARN o.a.j.u.JMeterUtils: ERROR! Resource string not found: [throughput]
2019-03-22 16:45:53,783 WARN o.a.j.u.JMeterUtils: ERROR! Resource string not found: [received_kb/sec]
2019-03-22 16:45:53,784 WARN o.a.j.u.JMeterUtils: ERROR! Resource string not found: [sent_kb/sec]
2019-03-22 16:46:09,649 INFO o.a.j.t.JMeterThread: Thread is done: P1-ejb 1-1
2019-03-22 16:46:09,650 INFO o.a.j.t.JMeterThread: Thread finished: P1-ejb 1-1
2019-03-22 16:46:09,650 INFO o.a.j.e.StandardJMeterEngine: Notifying test listeners of end of test
2019-03-22 16:46:09,650 INFO o.a.j.s.FileServer: Close: datagen/listado.csv
2019-03-22 16:46:09,651 INFO o.a.j.g.u.JMeterMenuBar: setRunning(false, *local*)
